<?xml version="1.0" encoding="UTF-8"?>
<!-- Generated by org.testng.reporters.JUnitXMLReporter -->
<testsuite ignored="0" hostname="thinkpad" failures="0" tests="3" name="RadioButtonPageTest" time="4.611" errors="0" timestamp="2024-02-04T14:57:32 EET">
  <testcase classname="com.demoqa.RadioButtonPageTest" name="testYesRadioButton" time="0.477"/>
  <testcase classname="com.demoqa.RadioButtonPageTest" name="testImpressiveRadioButton" time="0.203"/>
  <testcase classname="com.demoqa.RadioButtonPageTest" name="testNoRadioButton" time="0.109"/>
</testsuite> <!-- RadioButtonPageTest -->
