<?xml version="1.0" encoding="UTF-8"?>
<!-- Generated by org.testng.reporters.JUnitXMLReporter -->
<testsuite ignored="0" hostname="thinkpad" failures="0" tests="3" name="RadioButtonPageTest" time="4.296" errors="0" timestamp="2024-02-04T13:51:59 EET">
  <testcase classname="com.demoqa.RadioButtonPageTest" name="testYesRadioButton" time="0.326"/>
  <testcase classname="com.demoqa.RadioButtonPageTest" name="testImpressiveRadioButton" time="0.155"/>
  <testcase classname="com.demoqa.RadioButtonPageTest" name="testNoRadioButton" time="0.128"/>
</testsuite> <!-- RadioButtonPageTest -->
