<?xml version="1.0" encoding="UTF-8"?>
<!-- Generated by org.testng.reporters.JUnitXMLReporter -->
<testsuite ignored="0" hostname="thinkpad" failures="0" tests="2" name="UploadDownloadPageTest" time="7.042" errors="0" timestamp="2024-02-04T14:57:48 EET">
  <testcase classname="com.demoqa.UploadDownloadPageTest" name="testUploadFileButtonFunctionality" time="0.221"/>
  <testcase classname="com.demoqa.UploadDownloadPageTest" name="testDownloadFileButtonFunctionality" time="3.357"/>
</testsuite> <!-- UploadDownloadPageTest -->
