<?xml version="1.0" encoding="UTF-8"?>
<!-- Generated by org.testng.reporters.JUnitXMLReporter -->
<testsuite ignored="0" hostname="thinkpad" failures="0" tests="3" name="WaitPageTest" time="9.233" errors="0" timestamp="2024-02-04T14:57:41 EET">
  <testcase classname="com.demoqa.WaitPageTest" name="testAlertAppearAfter5Seconds" time="5.624"/>
  <testcase classname="com.demoqa.WaitPageTest" name="testConfirmButton" time="0.158"/>
  <testcase classname="com.demoqa.WaitPageTest" name="testPromptBox" time="0.16"/>
</testsuite> <!-- WaitPageTest -->
