<?xml version="1.0" encoding="UTF-8"?>
<testng-results ignored="0" total="9" passed="9" failed="0" skipped="0">
  <reporter-output>
  </reporter-output>
  <suite started-at="2024-02-03T12:37:04 EET" name="DEMOQA Test" finished-at="2024-02-03T12:37:30 EET" duration-ms="25541">
    <groups>
    </groups>
    <test started-at="2024-02-03T12:37:04 EET" name="TextBoxPageTest" finished-at="2024-02-03T12:37:10 EET" duration-ms="5678">
      <class name="com.demoqa.TextBoxPageTest">
        <test-method is-config="true" signature="driverSetup(java.lang.String,java.lang.String)[pri:0, instance:com.demoqa.TextBoxPageTest@404bbcbd]" started-at="2024-02-03T12:37:04 EET" name="driverSetup" finished-at="2024-02-03T12:37:08 EET" duration-ms="3962" status="PASS">
          <params>
            <param index="0">
              <value>
                <![CDATA[]]>
              </value>
            </param>
            <param index="1">
              <value>
                <![CDATA[https://demoqa.com/text-box]]>
              </value>
            </param>
          </params>
          <reporter-output>
          </reporter-output>
        </test-method> <!-- driverSetup -->
        <test-method signature="testSubmitTextBoxValues(java.lang.String,java.lang.String,java.lang.String,java.lang.String)[pri:0, instance:com.demoqa.TextBoxPageTest@404bbcbd]" started-at="2024-02-03T12:37:08 EET" name="testSubmitTextBoxValues" finished-at="2024-02-03T12:37:10 EET" duration-ms="1555" status="PASS">
          <params>
            <param index="0">
              <value>
                <![CDATA[Test Name]]>
              </value>
            </param>
            <param index="1">
              <value>
                <![CDATA[test@test.tst]]>
              </value>
            </param>
            <param index="2">
              <value>
                <![CDATA[Str.Current, No.1, City.Address]]>
              </value>
            </param>
            <param index="3">
              <value>
                <![CDATA[Str.Permanent, No.1, City.Address]]>
              </value>
            </param>
          </params>
          <reporter-output>
          </reporter-output>
        </test-method> <!-- testSubmitTextBoxValues -->
        <test-method is-config="true" signature="tearDown()[pri:0, instance:com.demoqa.TextBoxPageTest@404bbcbd]" started-at="2024-02-03T12:37:10 EET" name="tearDown" finished-at="2024-02-03T12:37:10 EET" duration-ms="100" status="PASS">
          <reporter-output>
          </reporter-output>
        </test-method> <!-- tearDown -->
      </class> <!-- com.demoqa.TextBoxPageTest -->
    </test> <!-- TextBoxPageTest -->
    <test started-at="2024-02-03T12:37:10 EET" name="CheckBoxPageTest" finished-at="2024-02-03T12:37:15 EET" duration-ms="5267">
      <class name="com.demoqa.CheckBoxPageTest">
        <test-method is-config="true" signature="driverSetup(java.lang.String,java.lang.String)[pri:0, instance:com.demoqa.CheckBoxPageTest@6337c201]" started-at="2024-02-03T12:37:10 EET" name="driverSetup" finished-at="2024-02-03T12:37:13 EET" duration-ms="3449" status="PASS">
          <params>
            <param index="0">
              <value>
                <![CDATA[]]>
              </value>
            </param>
            <param index="1">
              <value>
                <![CDATA[https://demoqa.com/checkbox]]>
              </value>
            </param>
          </params>
          <reporter-output>
          </reporter-output>
        </test-method> <!-- driverSetup -->
        <test-method signature="testCheckAllCheckboxes()[pri:1, instance:com.demoqa.CheckBoxPageTest@6337c201]" started-at="2024-02-03T12:37:13 EET" name="testCheckAllCheckboxes" finished-at="2024-02-03T12:37:15 EET" duration-ms="1564" status="PASS">
          <reporter-output>
          </reporter-output>
        </test-method> <!-- testCheckAllCheckboxes -->
        <test-method signature="testUncheckAllCheckboxes()[pri:2, instance:com.demoqa.CheckBoxPageTest@6337c201]" started-at="2024-02-03T12:37:15 EET" name="testUncheckAllCheckboxes" finished-at="2024-02-03T12:37:15 EET" duration-ms="104" status="PASS">
          <reporter-output>
          </reporter-output>
        </test-method> <!-- testUncheckAllCheckboxes -->
        <test-method is-config="true" signature="tearDown()[pri:0, instance:com.demoqa.CheckBoxPageTest@6337c201]" started-at="2024-02-03T12:37:15 EET" name="tearDown" finished-at="2024-02-03T12:37:15 EET" duration-ms="143" status="PASS">
          <reporter-output>
          </reporter-output>
        </test-method> <!-- tearDown -->
      </class> <!-- com.demoqa.CheckBoxPageTest -->
    </test> <!-- CheckBoxPageTest -->
    <test started-at="2024-02-03T12:37:15 EET" name="RadioButtonPageTest" finished-at="2024-02-03T12:37:20 EET" duration-ms="5134">
      <class name="com.demoqa.RadioButtonPageTest">
        <test-method is-config="true" signature="driverSetup(java.lang.String,java.lang.String)[pri:0, instance:com.demoqa.RadioButtonPageTest@28d18df5]" started-at="2024-02-03T12:37:15 EET" name="driverSetup" finished-at="2024-02-03T12:37:19 EET" duration-ms="3613" status="PASS">
          <params>
            <param index="0">
              <value>
                <![CDATA[]]>
              </value>
            </param>
            <param index="1">
              <value>
                <![CDATA[https://demoqa.com/radio-button]]>
              </value>
            </param>
          </params>
          <reporter-output>
          </reporter-output>
        </test-method> <!-- driverSetup -->
        <test-method signature="testYesRadioButton()[pri:1, instance:com.demoqa.RadioButtonPageTest@28d18df5]" started-at="2024-02-03T12:37:19 EET" name="testYesRadioButton" finished-at="2024-02-03T12:37:19 EET" duration-ms="348" status="PASS">
          <reporter-output>
          </reporter-output>
        </test-method> <!-- testYesRadioButton -->
        <test-method signature="testImpressiveRadioButton()[pri:2, instance:com.demoqa.RadioButtonPageTest@28d18df5]" started-at="2024-02-03T12:37:19 EET" name="testImpressiveRadioButton" finished-at="2024-02-03T12:37:20 EET" duration-ms="398" status="PASS">
          <reporter-output>
          </reporter-output>
        </test-method> <!-- testImpressiveRadioButton -->
        <test-method signature="testNoRadioButton()[pri:3, instance:com.demoqa.RadioButtonPageTest@28d18df5]" started-at="2024-02-03T12:37:20 EET" name="testNoRadioButton" finished-at="2024-02-03T12:37:20 EET" duration-ms="636" status="PASS">
          <reporter-output>
          </reporter-output>
        </test-method> <!-- testNoRadioButton -->
        <test-method is-config="true" signature="tearDown()[pri:0, instance:com.demoqa.RadioButtonPageTest@28d18df5]" started-at="2024-02-03T12:37:20 EET" name="tearDown" finished-at="2024-02-03T12:37:20 EET" duration-ms="130" status="PASS">
          <reporter-output>
          </reporter-output>
        </test-method> <!-- tearDown -->
      </class> <!-- com.demoqa.RadioButtonPageTest -->
    </test> <!-- RadioButtonPageTest -->
    <test started-at="2024-02-03T12:37:20 EET" name="WaitPageTest" finished-at="2024-02-03T12:37:30 EET" duration-ms="9411">
      <class name="com.demoqa.WaitPageTest">
        <test-method is-config="true" signature="driverSetup(java.lang.String,java.lang.String)[pri:0, instance:com.demoqa.WaitPageTest@4066c471]" started-at="2024-02-03T12:37:20 EET" name="driverSetup" finished-at="2024-02-03T12:37:24 EET" duration-ms="3448" status="PASS">
          <params>
            <param index="0">
              <value>
                <![CDATA[]]>
              </value>
            </param>
            <param index="1">
              <value>
                <![CDATA[https://demoqa.com/alerts]]>
              </value>
            </param>
          </params>
          <reporter-output>
          </reporter-output>
        </test-method> <!-- driverSetup -->
        <test-method signature="testAlertAppearAfter5Seconds()[pri:0, instance:com.demoqa.WaitPageTest@4066c471]" started-at="2024-02-03T12:37:24 EET" name="testAlertAppearAfter5Seconds" finished-at="2024-02-03T12:37:29 EET" duration-ms="5478" status="PASS">
          <reporter-output>
          </reporter-output>
        </test-method> <!-- testAlertAppearAfter5Seconds -->
        <test-method signature="testConfirmButton()[pri:0, instance:com.demoqa.WaitPageTest@4066c471]" started-at="2024-02-03T12:37:29 EET" name="testConfirmButton" finished-at="2024-02-03T12:37:29 EET" duration-ms="200" status="PASS">
          <reporter-output>
          </reporter-output>
        </test-method> <!-- testConfirmButton -->
        <test-method signature="testPromptBox()[pri:0, instance:com.demoqa.WaitPageTest@4066c471]" started-at="2024-02-03T12:37:29 EET" name="testPromptBox" finished-at="2024-02-03T12:37:30 EET" duration-ms="159" status="PASS">
          <reporter-output>
          </reporter-output>
        </test-method> <!-- testPromptBox -->
        <test-method is-config="true" signature="tearDown()[pri:0, instance:com.demoqa.WaitPageTest@4066c471]" started-at="2024-02-03T12:37:30 EET" name="tearDown" finished-at="2024-02-03T12:37:30 EET" duration-ms="119" status="PASS">
          <reporter-output>
          </reporter-output>
        </test-method> <!-- tearDown -->
      </class> <!-- com.demoqa.WaitPageTest -->
    </test> <!-- WaitPageTest -->
  </suite> <!-- DEMOQA Test -->
</testng-results>
